Building DAG of jobs...
Provided cores: 1 (use --cores to define parallelism)
Rules claiming more threads will be scaled down.
Job counts:
	count	jobs
	1	a
	1	all
	1	b
	3

[Wed Jun 24 21:56:28 2020]
rule a:
    output: data/prep.csv
    jobid: 2

[Wed Jun 24 21:56:29 2020]
Finished job 2.
1 of 3 steps (33%) done

[Wed Jun 24 21:56:29 2020]
rule b:
    input: data/prep.csv
    output: data/result.csv
    jobid: 1

[Wed Jun 24 21:56:29 2020]
Finished job 1.
2 of 3 steps (67%) done

[Wed Jun 24 21:56:29 2020]
localrule all:
    input: data/result.csv
    jobid: 0

[Wed Jun 24 21:56:29 2020]
Finished job 0.
3 of 3 steps (100%) done
Complete log: C:\Users\reinholdsson\git\vscode-example\examples\snakemake\.snakemake\log\2020-06-24T215628.202402.snakemake.log
